<?xml version="1.0" encoding="UTF-8"?>
<testsuites>
  <testsuite name="fastlane.lanes">
    
    
    
      
      <testcase classname="fastlane.lanes" name="0: Verifying required fastlane version" time="0.001162">
        
      </testcase>
    
      
      <testcase classname="fastlane.lanes" name="1: default_platform" time="0.000848">
        
      </testcase>
    
      
      <testcase classname="fastlane.lanes" name="2: gradle" time="21.276172">
        
          <failure message="/Users/ewgenius/.rvm/gems/ruby-2.4.0/gems/fastlane-2.29.0/fastlane/lib/fastlane/actions/actions_helper.rb:48:in `execute_action'&#10;/Users/ewgenius/.rvm/gems/ruby-2.4.0/gems/fastlane-2.29.0/fastlane/lib/fastlane/runner.rb:230:in `block in execute_action'&#10;/Users/ewgenius/.rvm/gems/ruby-2.4.0/gems/fastlane-2.29.0/fastlane/lib/fastlane/runner.rb:226:in `chdir'&#10;/Users/ewgenius/.rvm/gems/ruby-2.4.0/gems/fastlane-2.29.0/fastlane/lib/fastlane/runner.rb:226:in `execute_action'&#10;/Users/ewgenius/.rvm/gems/ruby-2.4.0/gems/fastlane-2.29.0/fastlane/lib/fastlane/runner.rb:148:in `trigger_action_by_name'&#10;/Users/ewgenius/.rvm/gems/ruby-2.4.0/gems/fastlane-2.29.0/fastlane/lib/fastlane/fast_file.rb:146:in `method_missing'&#10;Fastfile:30:in `block (2 levels) in parsing_binding'&#10;/Users/ewgenius/.rvm/gems/ruby-2.4.0/gems/fastlane-2.29.0/fastlane/lib/fastlane/lane.rb:33:in `call'&#10;/Users/ewgenius/.rvm/gems/ruby-2.4.0/gems/fastlane-2.29.0/fastlane/lib/fastlane/runner.rb:49:in `block in execute'&#10;/Users/ewgenius/.rvm/gems/ruby-2.4.0/gems/fastlane-2.29.0/fastlane/lib/fastlane/runner.rb:45:in `chdir'&#10;/Users/ewgenius/.rvm/gems/ruby-2.4.0/gems/fastlane-2.29.0/fastlane/lib/fastlane/runner.rb:45:in `execute'&#10;/Users/ewgenius/.rvm/gems/ruby-2.4.0/gems/fastlane-2.29.0/fastlane/lib/fastlane/lane_manager.rb:52:in `cruise_lane'&#10;/Users/ewgenius/.rvm/gems/ruby-2.4.0/gems/fastlane-2.29.0/fastlane/lib/fastlane/command_line_handler.rb:30:in `handle'&#10;/Users/ewgenius/.rvm/gems/ruby-2.4.0/gems/fastlane-2.29.0/fastlane/lib/fastlane/commands_generator.rb:104:in `block (2 levels) in run'&#10;/Users/ewgenius/.rvm/gems/ruby-2.4.0/gems/commander-fastlane-4.4.4/lib/commander/command.rb:178:in `call'&#10;/Users/ewgenius/.rvm/gems/ruby-2.4.0/gems/commander-fastlane-4.4.4/lib/commander/command.rb:153:in `run'&#10;/Users/ewgenius/.rvm/gems/ruby-2.4.0/gems/commander-fastlane-4.4.4/lib/commander/runner.rb:476:in `run_active_command'&#10;/Users/ewgenius/.rvm/gems/ruby-2.4.0/gems/fastlane-2.29.0/fastlane_core/lib/fastlane_core/ui/fastlane_runner.rb:40:in `run!'&#10;/Users/ewgenius/.rvm/gems/ruby-2.4.0/gems/commander-fastlane-4.4.4/lib/commander/delegates.rb:15:in `run!'&#10;/Users/ewgenius/.rvm/gems/ruby-2.4.0/gems/fastlane-2.29.0/fastlane/lib/fastlane/commands_generator.rb:303:in `run'&#10;/Users/ewgenius/.rvm/gems/ruby-2.4.0/gems/fastlane-2.29.0/fastlane/lib/fastlane/commands_generator.rb:42:in `start'&#10;/Users/ewgenius/.rvm/gems/ruby-2.4.0/gems/fastlane-2.29.0/fastlane/lib/fastlane/cli_tools_distributor.rb:66:in `take_off'&#10;/Users/ewgenius/.rvm/gems/ruby-2.4.0/gems/fastlane-2.29.0/bin/fastlane:20:in `&lt;top (required)&gt;'&#10;/Users/ewgenius/.rvm/gems/ruby-2.4.0/bin/fastlane:23:in `load'&#10;/Users/ewgenius/.rvm/gems/ruby-2.4.0/bin/fastlane:23:in `&lt;main&gt;'&#10;/Users/ewgenius/.rvm/gems/ruby-2.4.0/bin/ruby_executable_hooks:15:in `eval'&#10;/Users/ewgenius/.rvm/gems/ruby-2.4.0/bin/ruby_executable_hooks:15:in `&lt;main&gt;'&#10;&#10;Exit status of command '/Users/ewgenius/Projects/Playground/TestAndroidApp/gradlew assembleRelease -p .' was 1 instead of 0.&#10;Starting a Gradle Daemon (subsequent builds will be faster)&#10;Download https://jcenter.bintray.com/com/android/tools/build/gradle/2.3.1/gradle-2.3.1.pom&#10;Download https://jcenter.bintray.com/com/android/tools/build/gradle-core/2.3.1/gradle-core-2.3.1.pom&#10;Download https://jcenter.bintray.com/com/android/tools/build/builder/2.3.1/builder-2.3.1.pom&#10;Download https://jcenter.bintray.com/com/android/tools/lint/lint/25.3.1/lint-25.3.1.pom&#10;Download https://jcenter.bintray.com/com/android/tools/build/gradle-api/2.3.1/gradle-api-2.3.1.pom&#10;Download https://jcenter.bintray.com/com/android/databinding/compilerCommon/2.3.1/compilerCommon-2.3.1.pom&#10;Download https://jcenter.bintray.com/com/android/tools/build/builder-model/2.3.1/builder-model-2.3.1.pom&#10;Download https://jcenter.bintray.com/com/android/tools/build/builder-test-api/2.3.1/builder-test-api-2.3.1.pom&#10;Download https://jcenter.bintray.com/com/android/tools/sdklib/25.3.1/sdklib-25.3.1.pom&#10;Download https://jcenter.bintray.com/com/android/tools/sdk-common/25.3.1/sdk-common-25.3.1.pom&#10;Download https://jcenter.bintray.com/com/android/tools/common/25.3.1/common-25.3.1.pom&#10;Download https://jcenter.bintray.com/com/android/tools/build/manifest-merger/25.3.1/manifest-merger-25.3.1.pom&#10;Download https://jcenter.bintray.com/com/android/tools/ddms/ddmlib/25.3.1/ddmlib-25.3.1.pom&#10;Download https://jcenter.bintray.com/com/android/tools/analytics-library/protos/25.3.1/protos-25.3.1.pom&#10;Download https://jcenter.bintray.com/com/android/tools/analytics-library/shared/25.3.1/shared-25.3.1.pom&#10;Download https://jcenter.bintray.com/com/android/tools/analytics-library/tracker/25.3.1/tracker-25.3.1.pom&#10;Download https://jcenter.bintray.com/com/android/tools/lint/lint-checks/25.3.1/lint-checks-25.3.1.pom&#10;Download https://jcenter.bintray.com/com/android/databinding/baseLibrary/2.3.1/baseLibrary-2.3.1.pom&#10;Download https://jcenter.bintray.com/com/android/tools/layoutlib/layoutlib-api/25.3.1/layoutlib-api-25.3.1.pom&#10;Download https://jcenter.bintray.com/com/android/tools/dvlib/25.3.1/dvlib-25.3.1.pom&#10;Download https://jcenter.bintray.com/com/android/tools/repository/25.3.1/repository-25.3.1.pom&#10;Download https://jcenter.bintray.com/com/android/tools/lint/lint-api/25.3.1/lint-api-25.3.1.pom&#10;Download https://jcenter.bintray.com/com/android/tools/annotations/25.3.1/annotations-25.3.1.pom&#10;Download https://jcenter.bintray.com/com/android/tools/build/gradle/2.3.1/gradle-2.3.1.jar&#10;Download https://jcenter.bintray.com/com/android/tools/build/gradle-core/2.3.1/gradle-core-2.3.1.jar&#10;Download https://jcenter.bintray.com/com/android/tools/build/builder/2.3.1/builder-2.3.1.jar&#10;Download https://jcenter.bintray.com/com/android/tools/lint/lint/25.3.1/lint-25.3.1.jar&#10;Download https://jcenter.bintray.com/com/android/tools/build/gradle-api/2.3.1/gradle-api-2.3.1.jar&#10;Download https://jcenter.bintray.com/com/android/databinding/compilerCommon/2.3.1/compilerCommon-2.3.1.jar&#10;Download https://jcenter.bintray.com/com/android/tools/build/builder-model/2.3.1/builder-model-2.3.1.jar&#10;Download https://jcenter.bintray.com/com/android/tools/build/builder-test-api/2.3.1/builder-test-api-2.3.1.jar&#10;Download https://jcenter.bintray.com/com/android/tools/sdklib/25.3.1/sdklib-25.3.1.jar&#10;Download https://jcenter.bintray.com/com/android/tools/sdk-common/25.3.1/sdk-common-25.3.1.jar&#10;Download https://jcenter.bintray.com/com/android/tools/common/25.3.1/common-25.3.1.jar&#10;Download https://jcenter.bintray.com/com/android/tools/build/manifest-merger/25.3.1/manifest-merger-25.3.1.jar&#10;Download https://jcenter.bintray.com/com/android/tools/ddms/ddmlib/25.3.1/ddmlib-25.3.1.jar&#10;Download https://jcenter.bintray.com/com/android/tools/analytics-library/protos/25.3.1/protos-25.3.1.jar&#10;Download https://jcenter.bintray.com/com/android/tools/analytics-library/shared/25.3.1/shared-25.3.1.jar&#10;Download https://jcenter.bintray.com/com/android/tools/analytics-library/tracker/25.3.1/tracker-25.3.1.jar&#10;Download https://jcenter.bintray.com/com/android/tools/lint/lint-checks/25.3.1/lint-checks-25.3.1.jar&#10;Download https://jcenter.bintray.com/com/android/databinding/baseLibrary/2.3.1/baseLibrary-2.3.1.jar&#10;Download https://jcenter.bintray.com/com/android/tools/layoutlib/layoutlib-api/25.3.1/layoutlib-api-25.3.1.jar&#10;Download https://jcenter.bintray.com/com/android/tools/dvlib/25.3.1/dvlib-25.3.1.jar&#10;Download https://jcenter.bintray.com/com/android/tools/repository/25.3.1/repository-25.3.1.jar&#10;Download https://jcenter.bintray.com/com/android/tools/lint/lint-api/25.3.1/lint-api-25.3.1.jar&#10;Download https://jcenter.bintray.com/com/android/tools/annotations/25.3.1/annotations-25.3.1.jar&#10;&#10;FAILURE: Build failed with an exception.&#10;&#10;* What went wrong:&#10;A problem occurred configuring project ':app'.&#10;&gt; SDK location not found. Define location with sdk.dir in the local.properties file or with an ANDROID_HOME environment variable.&#10;&#10;* Try:&#10;Run with --stacktrace option to get the stack trace. Run with --info or --debug option to get more log output.&#10;&#10;BUILD FAILED&#10;&#10;Total time: 20.341 secs&#10;" />
        
      </testcase>
    
  </testsuite>
</testsuites>
